[debug] [2018-03-02T08:45:49.409Z] ----------------------------------------------------------------------
[debug] [2018-03-02T08:45:49.412Z] Command:       C:\Program Files\nodejs\node.exe C:\Users\MrLambchop\AppData\Roaming\npm\node_modules\firebase-tools\bin\firebase serve
[debug] [2018-03-02T08:45:49.412Z] CLI Version:   3.16.0
[debug] [2018-03-02T08:45:49.412Z] Platform:      win32
[debug] [2018-03-02T08:45:49.412Z] Node Version:  v8.9.3
[debug] [2018-03-02T08:45:49.413Z] Time:          Fri Mar 02 2018 16:45:49 GMT+0800 (中國標準時間)
[debug] [2018-03-02T08:45:49.413Z] ----------------------------------------------------------------------
[debug] 
[debug] [2018-03-02T08:45:49.423Z] > command requires scopes: ["email","openid","https://www.googleapis.com/auth/cloudplatformprojects.readonly","https://www.googleapis.com/auth/firebase","https://www.googleapis.com/auth/cloud-platform"]
[debug] [2018-03-02T08:45:49.423Z] > authorizing via signed-in user
[debug] [2018-03-02T08:45:49.425Z] > refreshing access token with scopes: ["email","https://www.googleapis.com/auth/cloud-platform","https://www.googleapis.com/auth/cloudplatformprojects.readonly","https://www.googleapis.com/auth/firebase","openid"]
[debug] [2018-03-02T08:45:49.425Z] >>> HTTP REQUEST POST https://www.googleapis.com/oauth2/v3/token  
 { refresh_token: '1/58CIAcVA2pelxbBfK2cXPN_ZDG60fckqc-uv16ICq5w',
  client_id: '563584335869-fgrhgmd47bqnekij5i8b5pr03ho849e6.apps.googleusercontent.com',
  client_secret: 'j9iVZfS8kkCEFUPaAeJV0sAi',
  grant_type: 'refresh_token',
  scope: 'email https://www.googleapis.com/auth/cloud-platform https://www.googleapis.com/auth/cloudplatformprojects.readonly https://www.googleapis.com/auth/firebase openid' } 
 Fri Mar 02 2018 16:45:49 GMT+0800 (中國標準時間)
[debug] [2018-03-02T08:45:49.558Z] <<< HTTP RESPONSE 200
[debug] [2018-03-02T08:45:49.567Z] >>> HTTP REQUEST GET https://admin.firebase.com/v1/projects/onecommunity-a0d82  
  
 Fri Mar 02 2018 16:45:49 GMT+0800 (中國標準時間)
[debug] [2018-03-02T08:45:50.446Z] <<< HTTP RESPONSE 200
[debug] [2018-03-02T08:45:50.448Z] >>> HTTP REQUEST GET https://admin.firebase.com/v1/database/onecommunity-a0d82/tokens  
  
 Fri Mar 02 2018 16:45:50 GMT+0800 (中國標準時間)
[debug] [2018-03-02T08:45:51.164Z] <<< HTTP RESPONSE 200
[info] 
[info] === Serving from 'G:\Download\Community'...
[info] 
[debug] [2018-03-02T08:45:51.172Z] >>> HTTP REQUEST GET https://cloudresourcemanager.googleapis.com/v1/projects/onecommunity-a0d82  
  
 Fri Mar 02 2018 16:45:51 GMT+0800 (中國標準時間)
[debug] [2018-03-02T08:45:52.177Z] <<< HTTP RESPONSE 200
[debug] [2018-03-02T08:45:52.181Z] >>> HTTP REQUEST GET https://mobilesdk-pa.googleapis.com/v1/projects/785419227077/clients/_:getWebAppConfig  
  
 Fri Mar 02 2018 16:45:52 GMT+0800 (中國標準時間)
[debug] [2018-03-02T08:45:52.837Z] <<< HTTP RESPONSE 200
[info] i  hosting: Serving hosting files from: Community
[info] +  hosting: Local server: http://localhost:5000

